INFO:  latexindent.exe version 3.20.1, 2023-01-07, a script to indent .tex files
       latexindent.exe lives here: D:/Programs/Tex/texlive/2022/bin/win32/
       Tue Jan 23 15:19:28 2024
       Filename: d:/PhD PSU/My intented papers/paper3-thesis/__latexindent_temp_paper-3 thesis.tex
INFO:  Processing switches:
       -y|--yaml: YAML settings specified via command line
       -c|--cruft: cruft directory
INFO:  Directory for backup files and d:/PhD PSU/My intented papers/paper2-thesis//indent.log:
       d:/PhD PSU/My intented papers/paper2-thesis/
INFO:  YAML settings read: defaultSettings.yaml
       Reading defaultSettings.yaml from D:/Programs/Tex/texlive/2022/bin/win32/defaultSettings.yaml
       Reading defaultSettings.yaml (2nd attempt) from D:/Programs/Tex/texlive/2022/bin/win32/../../texmf-dist/scripts/latexindent/defaultSettings.yaml
       and then, if necessary, D:/Programs/Tex/texlive/2022/bin/win32/LatexIndent/defaultSettings.yaml
INFO:  YAML reading settings
       Home directory is C:\Users\yjh52
       latexindent.pl didn't find indentconfig.yaml or .indentconfig.yaml
       see all possible locations: https://latexindentpl.readthedocs.io/en/latest/sec-appendices.html#indentconfig-options)
INFO:  YAML settings read: -y switch
       YAML setting: defaultIndent:'  '
       single-quoted string found in -y switch: '  ', substitute to   
       Updating mainSettings with defaultIndent:   
INFO:  Phase 1: searching for objects
INFO:  Phase 2: finding surrounding indentation
INFO:  Phase 3: indenting objects
INFO:  Phase 4: final indentation check
INFO:  Output routine:
       Not outputting to file; see -w and -o switches for more options.
       --------------
INFO:  Please direct all communication/issues to:
        https://github.com/cmhughes/latexindent.pl
